<?xml version="1.0" encoding="UTF-8" ?>
<beans
    default-lazy-init="false"
    xmlns="http://www.springframework.org/schema/beans"
    xmlns:xsi="http://www.w3.org/2001/XMLSchema-instance"
    xmlns:util="http://www.springframework.org/schema/util"
    xsi:schemaLocation="http://www.springframework.org/schema/beans http://www.springframework.org/schema/beans/spring-beans-3.0.xsd
        http://www.springframework.org/schema/util http://www.springframework.org/schema/util/spring-util-3.0.xsd"
>
    <bean id="custom-font-loader" class="org.mapfish.print.config.CustomFontLoader">
        <constructor-arg type="java.util.Set" index="0">
            <util:set>
                <value>fonts/ComingSoon.ttf</value>
            </util:set>
        </constructor-arg>
    </bean>
</beans>
